<?xml version="1.0" encoding="UTF-8"?>
<!-- Generated by org.testng.reporters.JUnitReportReporter -->
<testsuite hostname="DESKTOP-6JMQ33H" failures="0" tests="1" name="scripts.Testcase2" time="11.299" errors="0" timestamp="2022-09-12T20:19:39 IST" skipped="0">
  <testcase classname="scripts.Testcase2" name="tc2" time="11.299"/>
  <system-out/>
</testsuite> <!-- scripts.Testcase2 -->
